#
# There is insufficient memory for the Java Runtime Environment to continue.
# Native memory allocation (malloc) failed to allocate 1048576 bytes for AllocateHeap
# Possible reasons:
#   The system is out of physical RAM or swap space
#   The process is running with CompressedOops enabled, and the Java Heap may be blocking the growth of the native heap
# Possible solutions:
#   Reduce memory load on the system
#   Increase physical memory or swap space
#   Check if swap backing store is full
#   Decrease Java heap size (-Xmx/-Xms)
#   Decrease number of Java threads
#   Decrease Java thread stack sizes (-Xss)
#   Set larger code cache with -XX:ReservedCodeCacheSize=
#   JVM is running with Zero Based Compressed Oops mode in which the Java heap is
#     placed in the first 32GB address space. The Java Heap base address is the
#     maximum limit for the native heap growth. Please use -XX:HeapBaseMinAddress
#     to set the Java Heap base and to place the Java Heap above 32GB virtual address.
# This output file may be truncated or incomplete.
#
#  Out of Memory Error (allocation.cpp:44), pid=3684, tid=8792
#
# JRE version: Java(TM) SE Runtime Environment (21.0.6+8) (build 21.0.6+8-LTS-188)
# Java VM: Java HotSpot(TM) 64-Bit Server VM (21.0.6+8-LTS-188, mixed mode, sharing, tiered, compressed oops, compressed class ptrs, g1 gc, windows-amd64)
# No core dump will be written. Minidumps are not enabled by default on client versions of Windows
#

---------------  S U M M A R Y ------------

Command Line: -Dfile.encoding=UTF-8 -Dstdout.encoding=UTF-8 -Dstderr.encoding=UTF-8 -XX:+ShowCodeDetailsInExceptionMessages gomobi.io.forex.ForexApplication

Host: Intel(R) Core(TM) Ultra 7 165U, 14 cores, 15G,  Windows 11 , 64 bit Build 26100 (10.0.26100.3912)
Time: Fri May 16 12:12:02 2025 India Standard Time elapsed time: 12682.776249 seconds (0d 3h 31m 22s)

---------------  T H R E A D  ---------------

Current thread (0x000001b757a13750):  VMThread "VM Thread"          [id=8792, stack(0x0000002947700000,0x0000002947800000) (1024K)]

Stack: [0x0000002947700000,0x0000002947800000]
Native frames: (J=compiled Java code, j=interpreted, Vv=VM code, C=native code)
V  [jvm.dll+0x6ca6d9]
V  [jvm.dll+0x854f51]
V  [jvm.dll+0x85747e]
V  [jvm.dll+0x857b53]
V  [jvm.dll+0x27dcc6]
V  [jvm.dll+0xbf7d7]
V  [jvm.dll+0x3442f2]
V  [jvm.dll+0x33ed3e]
V  [jvm.dll+0x3277d8]
V  [jvm.dll+0x36a614]
V  [jvm.dll+0x85d920]
V  [jvm.dll+0x85eca4]
V  [jvm.dll+0x85f1e0]
V  [jvm.dll+0x85f483]
V  [jvm.dll+0x7ff2fb]
V  [jvm.dll+0x6c8dbd]
C  [ucrtbase.dll+0x37b0]
C  [KERNEL32.DLL+0x2e8d7]
C  [ntdll.dll+0x9c5dc]

VM_Operation (0x0000002946dff130): G1CollectFull, mode: safepoint, requested by thread 0x000001b7a18ef590


---------------  P R O C E S S  ---------------

Threads class SMR info:
_java_thread_list=0x000001b7a17c62d0, length=17, elements={
0x000001b757a2d740, 0x000001b757a2e190, 0x000001b757a44f80, 0x000001b757a45fe0,
0x000001b757a4c070, 0x000001b757a4cac0, 0x000001b757a4d970, 0x000001b757a4e530,
0x000001b757ce1130, 0x000001b757ced340, 0x000001b79e604920, 0x000001b79f841a50,
0x000001b7a18ed4c0, 0x000001b7a01caa00, 0x000001b7a01cde80, 0x000001b7a01cf8c0,
0x000001b7a18ef590
}
_to_delete_list=0x000001b7a17cf810, length=18, elements={
0x000001b757a2d740, 0x000001b757a2e190, 0x000001b757a44f80, 0x000001b757a45fe0,
0x000001b757a4c070, 0x000001b757a4cac0, 0x000001b757a4d970, 0x000001b757a4e530,
0x000001b757ce1130, 0x000001b757ced340, 0x000001b79e604920, 0x000001b79f841a50,
0x000001b7a18ed4c0, 0x000001b7a01caa00, 0x000001b7a01cde80, 0x000001b7a01cf8c0,
0x000001b7a01cff50, 0x000001b7a18ef590
}

Java Threads: ( => current thread )
  0x000001b757a2d740 JavaThread "Reference Handler"          daemon [_thread_blocked, id=35724, stack(0x0000002947800000,0x0000002947900000) (1024K)]
  0x000001b757a2e190 JavaThread "Finalizer"                  daemon [_thread_blocked, id=37960, stack(0x0000002947900000,0x0000002947a00000) (1024K)]
  0x000001b757a44f80 JavaThread "Signal Dispatcher"          daemon [_thread_blocked, id=27852, stack(0x0000002947a00000,0x0000002947b00000) (1024K)]
  0x000001b757a45fe0 JavaThread "Attach Listener"            daemon [_thread_blocked, id=41004, stack(0x0000002947b00000,0x0000002947c00000) (1024K)]
  0x000001b757a4c070 JavaThread "Service Thread"             daemon [_thread_blocked, id=46852, stack(0x0000002947c00000,0x0000002947d00000) (1024K)]
  0x000001b757a4cac0 JavaThread "Monitor Deflation Thread"   daemon [_thread_blocked, id=44852, stack(0x0000002947d00000,0x0000002947e00000) (1024K)]
  0x000001b757a4d970 JavaThread "C2 CompilerThread0"         daemon [_thread_blocked, id=6952, stack(0x0000002947e00000,0x0000002947f00000) (1024K)]
  0x000001b757a4e530 JavaThread "C1 CompilerThread0"         daemon [_thread_blocked, id=40872, stack(0x0000002947f00000,0x0000002948000000) (1024K)]
  0x000001b757ce1130 JavaThread "Notification Thread"        daemon [_thread_blocked, id=33932, stack(0x0000002948000000,0x0000002948100000) (1024K)]
  0x000001b757ced340 JavaThread "Common-Cleaner"             daemon [_thread_blocked, id=31356, stack(0x0000002948100000,0x0000002948200000) (1024K)]
  0x000001b79e604920 JavaThread "mysql-cj-abandoned-connection-cleanup" daemon [_thread_blocked, id=1048, stack(0x0000002948200000,0x0000002948300000) (1024K)]
  0x000001b79f841a50 JavaThread "Live Reload Server"         daemon [_thread_in_native, id=40772, stack(0x0000002949a00000,0x0000002949b00000) (1024K)]
  0x000001b7a18ed4c0 JavaThread "DestroyJavaVM"                     [_thread_blocked, id=2752, stack(0x0000002947000000,0x0000002947100000) (1024K)]
  0x000001b7a01caa00 JavaThread "File Watcher"               daemon [_thread_blocked, id=44940, stack(0x0000002946e00000,0x0000002946f00000) (1024K)]
  0x000001b7a01cde80 JavaThread "Catalina-utility-1"                [_thread_blocked, id=45724, stack(0x0000002949400000,0x0000002949500000) (1024K)]
  0x000001b7a01cf8c0 JavaThread "Catalina-utility-2"                [_thread_blocked, id=42096, stack(0x0000002949500000,0x0000002949600000) (1024K)]
  0x000001b7a18ef590 JavaThread "Thread-19"                         [_thread_blocked, id=48868, stack(0x0000002946d00000,0x0000002946e00000) (1024K)]
Total: 17

Other Threads:
=>0x000001b757a13750 VMThread "VM Thread"                           [id=8792, stack(0x0000002947700000,0x0000002947800000) (1024K)]
  0x000001b757a01190 WatcherThread "VM Periodic Task Thread"        [id=2976, stack(0x0000002947600000,0x0000002947700000) (1024K)]
  0x000001b738421220 WorkerThread "GC Thread#0"                     [id=44864, stack(0x0000002947100000,0x0000002947200000) (1024K)]
  0x000001b79d40a8c0 WorkerThread "GC Thread#1"                     [id=44272, stack(0x0000002948500000,0x0000002948600000) (1024K)]
  0x000001b79d7db410 WorkerThread "GC Thread#2"                     [id=44276, stack(0x0000002948600000,0x0000002948700000) (1024K)]
  0x000001b79d7db7b0 WorkerThread "GC Thread#3"                     [id=44236, stack(0x0000002948700000,0x0000002948800000) (1024K)]
  0x000001b79d8124f0 WorkerThread "GC Thread#4"                     [id=44240, stack(0x0000002948800000,0x0000002948900000) (1024K)]
  0x000001b79d812890 WorkerThread "GC Thread#5"                     [id=44300, stack(0x0000002948900000,0x0000002948a00000) (1024K)]
  0x000001b79da87a10 WorkerThread "GC Thread#6"                     [id=44996, stack(0x0000002948b00000,0x0000002948c00000) (1024K)]
  0x000001b79da77840 WorkerThread "GC Thread#7"                     [id=1180, stack(0x0000002948c00000,0x0000002948d00000) (1024K)]
  0x000001b79dcaa0f0 WorkerThread "GC Thread#8"                     [id=45020, stack(0x0000002948d00000,0x0000002948e00000) (1024K)]
  0x000001b79dcaa490 WorkerThread "GC Thread#9"                     [id=41064, stack(0x0000002948f00000,0x0000002949000000) (1024K)]
  0x000001b79dcaa830 WorkerThread "GC Thread#10"                    [id=39024, stack(0x0000002949000000,0x0000002949100000) (1024K)]
  0x000001b738432160 ConcurrentGCThread "G1 Main Marker"            [id=29972, stack(0x0000002947200000,0x0000002947300000) (1024K)]
  0x000001b738436660 WorkerThread "G1 Conc#0"                       [id=2040, stack(0x0000002947300000,0x0000002947400000) (1024K)]
  0x000001b79dcaaf70 WorkerThread "G1 Conc#1"                       [id=39032, stack(0x0000002949100000,0x0000002949200000) (1024K)]
  0x000001b79dcaabd0 WorkerThread "G1 Conc#2"                       [id=40692, stack(0x0000002949200000,0x0000002949300000) (1024K)]
  0x000001b7578d1730 ConcurrentGCThread "G1 Refine#0"               [id=43724, stack(0x0000002947400000,0x0000002947500000) (1024K)]
  0x000001b7578d48a0 ConcurrentGCThread "G1 Service"                [id=41160, stack(0x0000002947500000,0x0000002947600000) (1024K)]
Total: 19

Threads with active compile tasks:
Total: 0

VM state: at safepoint (normal execution)

VM Mutex/Monitor currently owned by a thread:  ([mutex/lock_event])
[0x00007ff8a6eade98] Threads_lock - owner thread: 0x000001b757a13750
[0x00007ff8a6eadf98] Heap_lock - owner thread: 0x000001b7a18ef590

Heap address: 0x0000000708a00000, size: 3958 MB, Compressed Oops mode: Zero based, Oop shift amount: 3

CDS archive(s) mapped at: [0x000001b758000000-0x000001b758c90000-0x000001b758c90000), size 13172736, SharedBaseAddress: 0x000001b758000000, ArchiveRelocationMode: 1.
Compressed class space mapped at: 0x000001b759000000-0x000001b799000000, reserved size: 1073741824
Narrow klass base: 0x000001b758000000, Narrow klass shift: 0, Narrow klass range: 0x100000000

GC Precious Log:
 CardTable entry size: 512
 Card Set container configuration: InlinePtr #cards 4 size 8 Array Of Cards #cards 16 size 48 Howl #buckets 8 coarsen threshold 3686 Howl Bitmap #cards 512 size 80 coarsen threshold 460 Card regions per heap region 1 cards per card region 4096
 CPUs: 14 total, 14 available
 Memory: 15828M
 Large Page Support: Disabled
 NUMA Support: Disabled
 Compressed Oops: Enabled (Zero based)
 Heap Region Size: 2M
 Heap Min Capacity: 8M
 Heap Initial Capacity: 248M
 Heap Max Capacity: 3958M
 Pre-touch: Disabled
 Parallel Workers: 11
 Concurrent Workers: 3
 Concurrent Refinement Workers: 11
 Periodic GC: Disabled

Heap:
 garbage-first heap   total 102400K, used 72735K [0x0000000708a00000, 0x0000000800000000)
  region size 2048K, 22 young (45056K), 3 survivors (6144K)
 Metaspace       used 89215K, committed 90048K, reserved 1179648K
  class space    used 11256K, committed 11648K, reserved 1048576K

Heap Regions: E=young(eden), S=young(survivor), O=old, HS=humongous(starts), HC=humongous(continues), CS=collection set, F=free, TAMS=top-at-mark-start, PB=parsable bottom
|   0|0x0000000708a00000, 0x0000000708bffff8, 0x0000000708c00000| 99%| O|  |TAMS 0x0000000708a00000| PB 0x0000000708a00000| Untracked 
|   1|0x0000000708c00000, 0x0000000708dffef0, 0x0000000708e00000| 99%| O|  |TAMS 0x0000000708c00000| PB 0x0000000708c00000| Untracked 
|   2|0x0000000708e00000, 0x0000000709000000, 0x0000000709000000|100%| O|  |TAMS 0x0000000708e00000| PB 0x0000000708e00000| Untracked 
|   3|0x0000000709000000, 0x00000007091ffff8, 0x0000000709200000| 99%| O|  |TAMS 0x0000000709000000| PB 0x0000000709000000| Untracked 
|   4|0x0000000709200000, 0x00000007093fffe0, 0x0000000709400000| 99%| O|  |TAMS 0x0000000709200000| PB 0x0000000709200000| Untracked 
|   5|0x0000000709400000, 0x00000007095fe770, 0x0000000709600000| 99%| O|  |TAMS 0x0000000709400000| PB 0x0000000709400000| Untracked 
|   6|0x0000000709600000, 0x00000007097fffd8, 0x0000000709800000| 99%| O|  |TAMS 0x0000000709600000| PB 0x0000000709600000| Untracked 
|   7|0x0000000709800000, 0x00000007099fffc8, 0x0000000709a00000| 99%| O|  |TAMS 0x0000000709800000| PB 0x0000000709800000| Untracked 
|   8|0x0000000709a00000, 0x0000000709bfffb8, 0x0000000709c00000| 99%| O|  |TAMS 0x0000000709a00000| PB 0x0000000709a00000| Untracked 
|   9|0x0000000709c00000, 0x0000000709dffff8, 0x0000000709e00000| 99%| O|  |TAMS 0x0000000709c00000| PB 0x0000000709c00000| Untracked 
|  10|0x0000000709e00000, 0x0000000709fada70, 0x000000070a000000| 83%| O|  |TAMS 0x0000000709e00000| PB 0x0000000709e00000| Untracked 
|  11|0x000000070a000000, 0x000000070a1fffc8, 0x000000070a200000| 99%| O|  |TAMS 0x000000070a000000| PB 0x000000070a000000| Untracked 
|  12|0x000000070a200000, 0x000000070a27d780, 0x000000070a400000| 24%| O|Cm|TAMS 0x000000070a200000| PB 0x000000070a200000| Complete 
|  13|0x000000070a400000, 0x000000070a5f2ce0, 0x000000070a600000| 97%| O|  |TAMS 0x000000070a400000| PB 0x000000070a400000| Untracked 
|  14|0x000000070a600000, 0x000000070a800000, 0x000000070a800000|100%| O|  |TAMS 0x000000070a600000| PB 0x000000070a600000| Untracked 
|  15|0x000000070a800000, 0x000000070a910250, 0x000000070aa00000| 53%| O|  |TAMS 0x000000070a800000| PB 0x000000070a800000| Untracked 
|  16|0x000000070aa00000, 0x000000070ab43fb0, 0x000000070ac00000| 63%| O|  |TAMS 0x000000070aa00000| PB 0x000000070aa00000| Untracked 
|  17|0x000000070ac00000, 0x000000070ac00000, 0x000000070ae00000|  0%| F|  |TAMS 0x000000070ac00000| PB 0x000000070ac00000| Untracked 
|  18|0x000000070ae00000, 0x000000070ae00000, 0x000000070b000000|  0%| F|  |TAMS 0x000000070ae00000| PB 0x000000070ae00000| Untracked 
|  19|0x000000070b000000, 0x000000070b000000, 0x000000070b200000|  0%| F|  |TAMS 0x000000070b000000| PB 0x000000070b000000| Untracked 
|  20|0x000000070b200000, 0x000000070b200000, 0x000000070b400000|  0%| F|  |TAMS 0x000000070b200000| PB 0x000000070b200000| Untracked 
|  21|0x000000070b400000, 0x000000070b497680, 0x000000070b600000| 29%| S|CS|TAMS 0x000000070b400000| PB 0x000000070b400000| Complete 
|  22|0x000000070b600000, 0x000000070b800000, 0x000000070b800000|100%| S|CS|TAMS 0x000000070b600000| PB 0x000000070b600000| Complete 
|  23|0x000000070b800000, 0x000000070ba00000, 0x000000070ba00000|100%| S|CS|TAMS 0x000000070b800000| PB 0x000000070b800000| Complete 
|  24|0x000000070ba00000, 0x000000070ba00000, 0x000000070bc00000|  0%| F|  |TAMS 0x000000070ba00000| PB 0x000000070ba00000| Untracked 
|  25|0x000000070bc00000, 0x000000070bc00000, 0x000000070be00000|  0%| F|  |TAMS 0x000000070bc00000| PB 0x000000070bc00000| Untracked 
|  26|0x000000070be00000, 0x000000070be00000, 0x000000070c000000|  0%| F|  |TAMS 0x000000070be00000| PB 0x000000070be00000| Untracked 
|  27|0x000000070c000000, 0x000000070c000000, 0x000000070c200000|  0%| F|  |TAMS 0x000000070c000000| PB 0x000000070c000000| Untracked 
|  28|0x000000070c200000, 0x000000070c200000, 0x000000070c400000|  0%| F|  |TAMS 0x000000070c200000| PB 0x000000070c200000| Untracked 
|  29|0x000000070c400000, 0x000000070c400000, 0x000000070c600000|  0%| F|  |TAMS 0x000000070c400000| PB 0x000000070c400000| Untracked 
|  30|0x000000070c600000, 0x000000070c600000, 0x000000070c800000|  0%| F|  |TAMS 0x000000070c600000| PB 0x000000070c600000| Untracked 
|  31|0x000000070c800000, 0x000000070c8bf020, 0x000000070ca00000| 37%| E|  |TAMS 0x000000070c800000| PB 0x000000070c800000| Complete 
|  32|0x000000070ca00000, 0x000000070cc00000, 0x000000070cc00000|100%| E|CS|TAMS 0x000000070ca00000| PB 0x000000070ca00000| Complete 
|  33|0x000000070cc00000, 0x000000070ce00000, 0x000000070ce00000|100%| E|CS|TAMS 0x000000070cc00000| PB 0x000000070cc00000| Complete 
|  34|0x000000070ce00000, 0x000000070d000000, 0x000000070d000000|100%| E|CS|TAMS 0x000000070ce00000| PB 0x000000070ce00000| Complete 
|  35|0x000000070d000000, 0x000000070d200000, 0x000000070d200000|100%| E|CS|TAMS 0x000000070d000000| PB 0x000000070d000000| Complete 
|  36|0x000000070d200000, 0x000000070d400000, 0x000000070d400000|100%| E|CS|TAMS 0x000000070d200000| PB 0x000000070d200000| Complete 
|  37|0x000000070d400000, 0x000000070d600000, 0x000000070d600000|100%| E|CS|TAMS 0x000000070d400000| PB 0x000000070d400000| Complete 
|  38|0x000000070d600000, 0x000000070d800000, 0x000000070d800000|100%| E|CS|TAMS 0x000000070d600000| PB 0x000000070d600000| Complete 
|  39|0x000000070d800000, 0x000000070da00000, 0x000000070da00000|100%| E|CS|TAMS 0x000000070d800000| PB 0x000000070d800000| Complete 
|  40|0x000000070da00000, 0x000000070dc00000, 0x000000070dc00000|100%| E|CS|TAMS 0x000000070da00000| PB 0x000000070da00000| Complete 
|  41|0x000000070dc00000, 0x000000070de00000, 0x000000070de00000|100%| E|CS|TAMS 0x000000070dc00000| PB 0x000000070dc00000| Complete 
|  42|0x000000070de00000, 0x000000070e000000, 0x000000070e000000|100%| E|CS|TAMS 0x000000070de00000| PB 0x000000070de00000| Complete 
|  43|0x000000070e000000, 0x000000070e200000, 0x000000070e200000|100%| E|CS|TAMS 0x000000070e000000| PB 0x000000070e000000| Complete 
|  44|0x000000070e200000, 0x000000070e400000, 0x000000070e400000|100%| E|CS|TAMS 0x000000070e200000| PB 0x000000070e200000| Complete 
|  45|0x000000070e400000, 0x000000070e600000, 0x000000070e600000|100%| E|CS|TAMS 0x000000070e400000| PB 0x000000070e400000| Complete 
|  95|0x0000000714800000, 0x0000000714a00000, 0x0000000714a00000|100%| E|CS|TAMS 0x0000000714800000| PB 0x0000000714800000| Complete 
|  96|0x0000000714a00000, 0x0000000714c00000, 0x0000000714c00000|100%| E|CS|TAMS 0x0000000714a00000| PB 0x0000000714a00000| Complete 
|  97|0x0000000714c00000, 0x0000000714e00000, 0x0000000714e00000|100%| E|CS|TAMS 0x0000000714c00000| PB 0x0000000714c00000| Complete 
|  98|0x0000000714e00000, 0x0000000715000000, 0x0000000715000000|100%| E|CS|TAMS 0x0000000714e00000| PB 0x0000000714e00000| Complete 

Card table byte_map: [0x000001b750650000,0x000001b750e10000] _byte_map_base: 0x000001b74ce0b000

Marking Bits: (CMBitMap*) 0x000001b738422130
 Bits: [0x000001b750e10000, 0x000001b754be8000)

Polling page: 0x000001b737b50000

Metaspace:

Usage:
  Non-class:     76.13 MB used.
      Class:     10.99 MB used.
       Both:     87.12 MB used.

Virtual space:
  Non-class space:      128.00 MB reserved,      76.56 MB ( 60%) committed,  2 nodes.
      Class space:        1.00 GB reserved,      11.38 MB (  1%) committed,  1 nodes.
             Both:        1.12 GB reserved,      87.94 MB (  8%) committed. 

Chunk freelists:
   Non-Class:  2.81 MB
       Class:  4.61 MB
        Both:  7.43 MB

MaxMetaspaceSize: unlimited
CompressedClassSpaceSize: 1.00 GB
Initial GC threshold: 21.00 MB
Current GC threshold: 144.94 MB
CDS: on
 - commit_granule_bytes: 65536.
 - commit_granule_words: 8192.
 - virtual_space_node_default_size: 8388608.
 - enlarge_chunks_in_place: 1.
 - use_allocation_guard: 0.


Internal statistics:

num_allocs_failed_limit: 9.
num_arena_births: 1652.
num_arena_deaths: 586.
num_vsnodes_births: 3.
num_vsnodes_deaths: 0.
num_space_committed: 1407.
num_space_uncommitted: 0.
num_chunks_returned_to_freelist: 708.
num_chunks_taken_from_freelist: 5425.
num_chunk_merges: 149.
num_chunk_splits: 3388.
num_chunks_enlarged: 2479.
num_inconsistent_stats: 0.

CodeHeap 'non-profiled nmethods': size=120000Kb used=8330Kb max_used=8330Kb free=111669Kb
 bounds [0x000001b748300000, 0x000001b748b30000, 0x000001b74f830000]
CodeHeap 'profiled nmethods': size=120000Kb used=21881Kb max_used=22213Kb free=98119Kb
 bounds [0x000001b740830000, 0x000001b741df0000, 0x000001b747d60000]
CodeHeap 'non-nmethods': size=5760Kb used=1783Kb max_used=1832Kb free=3976Kb
 bounds [0x000001b747d60000, 0x000001b747fd0000, 0x000001b748300000]
 total_blobs=11520 nmethods=10734 adapters=689
 compilation: enabled
              stopped_count=0, restarted_count=0
 full_count=0

Compilation events (20 events):
Event: 12681.729 Thread 0x000001b757a4e530 18349       1       org.springframework.beans.factory.FactoryBean::isSingleton (2 bytes)
Event: 12681.729 Thread 0x000001b757a4e530 nmethod 18349 0x000001b748b21990 code [0x000001b748b21b20, 0x000001b748b21be8]
Event: 12681.733 Thread 0x000001b757a4e530 18350       3       java.net.NetworkInterface::<init> (15 bytes)
Event: 12681.734 Thread 0x000001b757a4e530 nmethod 18350 0x000001b7419da990 code [0x000001b7419dab40, 0x000001b7419dacd8]
Event: 12681.734 Thread 0x000001b757a4e530 18351       3       java.net.NetworkInterface$1::hasMoreElements (18 bytes)
Event: 12681.734 Thread 0x000001b757a4e530 nmethod 18351 0x000001b7419da590 code [0x000001b7419da740, 0x000001b7419da8b8]
Event: 12681.744 Thread 0x000001b757a4e530 18353       3       java.util.concurrent.ConcurrentHashMap$BaseIterator::remove (37 bytes)
Event: 12681.745 Thread 0x000001b757a4e530 nmethod 18353 0x000001b7419da010 code [0x000001b7419da1e0, 0x000001b7419da488]
Event: 12681.746 Thread 0x000001b757a4e530 18354       3       java.lang.invoke.BoundMethodHandle$Species_LL::copyWith (24 bytes)
Event: 12681.746 Thread 0x000001b757a4e530 nmethod 18354 0x000001b7419d9890 code [0x000001b7419d9a60, 0x000001b7419d9ed0]
Event: 12681.746 Thread 0x000001b757a4e530 18355   !   3       org.hibernate.internal.util.collections.BoundedConcurrentHashMap$Segment::clear (60 bytes)
Event: 12681.747 Thread 0x000001b757a4d970 18357       4       java.util.concurrent.ScheduledThreadPoolExecutor$DelayedWorkQueue::setIndex (16 bytes)
Event: 12681.747 Thread 0x000001b757a4e530 nmethod 18355 0x000001b7419d8890 code [0x000001b7419d8ae0, 0x000001b7419d9550]
Event: 12681.748 Thread 0x000001b757a4d970 nmethod 18357 0x000001b748b22110 code [0x000001b748b222a0, 0x000001b748b22350]
Event: 12681.748 Thread 0x000001b757a4d970 18356       4       java.util.ArrayList$Itr::checkForComodification (23 bytes)
Event: 12681.748 Thread 0x000001b757a4d970 nmethod 18356 0x000001b748b22410 code [0x000001b748b225a0, 0x000001b748b22660]
Event: 12681.751 Thread 0x000001b757a4e530 18358       3       java.net.Socket::isOutputShutdown (14 bytes)
Event: 12681.752 Thread 0x000001b757a4e530 nmethod 18358 0x000001b7417cd610 code [0x000001b7417cd7a0, 0x000001b7417cd8e8]
Event: 12681.758 Thread 0x000001b757a4d970 18359       4       java.io.BufferedOutputStream::flushBuffer (29 bytes)
Event: 12681.759 Thread 0x000001b757a4d970 nmethod 18359 0x000001b748b22710 code [0x000001b748b228a0, 0x000001b748b22970]

GC Heap History (20 events):
Event: 7747.539 GC heap after
{Heap after GC invocations=42 (full 3):
 garbage-first heap   total 86016K, used 37650K [0x0000000708a00000, 0x0000000800000000)
  region size 2048K, 3 young (6144K), 3 survivors (6144K)
 Metaspace       used 85327K, committed 86080K, reserved 1179648K
  class space    used 10970K, committed 11328K, reserved 1048576K
}
Event: 8291.446 GC heap before
{Heap before GC invocations=42 (full 3):
 garbage-first heap   total 86016K, used 68370K [0x0000000708a00000, 0x0000000800000000)
  region size 2048K, 18 young (36864K), 3 survivors (6144K)
 Metaspace       used 85338K, committed 86080K, reserved 1179648K
  class space    used 10970K, committed 11328K, reserved 1048576K
}
Event: 8291.452 GC heap after
{Heap after GC invocations=43 (full 3):
 garbage-first heap   total 86016K, used 38186K [0x0000000708a00000, 0x0000000800000000)
  region size 2048K, 2 young (4096K), 2 survivors (4096K)
 Metaspace       used 85338K, committed 86080K, reserved 1179648K
  class space    used 10970K, committed 11328K, reserved 1048576K
}
Event: 8874.189 GC heap before
{Heap before GC invocations=44 (full 3):
 garbage-first heap   total 86016K, used 70954K [0x0000000708a00000, 0x0000000800000000)
  region size 2048K, 18 young (36864K), 2 survivors (4096K)
 Metaspace       used 85313K, committed 86080K, reserved 1179648K
  class space    used 10959K, committed 11328K, reserved 1048576K
}
Event: 8874.199 GC heap after
{Heap after GC invocations=45 (full 3):
 garbage-first heap   total 104448K, used 37776K [0x0000000708a00000, 0x0000000800000000)
  region size 2048K, 2 young (4096K), 2 survivors (4096K)
 Metaspace       used 85313K, committed 86080K, reserved 1179648K
  class space    used 10959K, committed 11328K, reserved 1048576K
}
Event: 9584.820 GC heap before
{Heap before GC invocations=45 (full 3):
 garbage-first heap   total 104448K, used 86928K [0x0000000708a00000, 0x0000000800000000)
  region size 2048K, 26 young (53248K), 2 survivors (4096K)
 Metaspace       used 85619K, committed 86400K, reserved 1179648K
  class space    used 10973K, committed 11392K, reserved 1048576K
}
Event: 9584.835 GC heap after
{Heap after GC invocations=46 (full 3):
 garbage-first heap   total 104448K, used 37244K [0x0000000708a00000, 0x0000000800000000)
  region size 2048K, 2 young (4096K), 2 survivors (4096K)
 Metaspace       used 85619K, committed 86400K, reserved 1179648K
  class space    used 10973K, committed 11392K, reserved 1048576K
}
Event: 10528.928 GC heap before
{Heap before GC invocations=46 (full 3):
 garbage-first heap   total 104448K, used 90492K [0x0000000708a00000, 0x0000000800000000)
  region size 2048K, 28 young (57344K), 2 survivors (4096K)
 Metaspace       used 85683K, committed 86464K, reserved 1179648K
  class space    used 10973K, committed 11392K, reserved 1048576K
}
Event: 10528.933 GC heap after
{Heap after GC invocations=47 (full 3):
 garbage-first heap   total 104448K, used 37161K [0x0000000708a00000, 0x0000000800000000)
  region size 2048K, 2 young (4096K), 2 survivors (4096K)
 Metaspace       used 85683K, committed 86464K, reserved 1179648K
  class space    used 10973K, committed 11392K, reserved 1048576K
}
Event: 11260.169 GC heap before
{Heap before GC invocations=48 (full 3):
 garbage-first heap   total 104448K, used 88361K [0x0000000708a00000, 0x0000000800000000)
  region size 2048K, 28 young (57344K), 2 survivors (4096K)
 Metaspace       used 85975K, committed 86784K, reserved 1179648K
  class space    used 10968K, committed 11392K, reserved 1048576K
}
Event: 11260.184 GC heap after
{Heap after GC invocations=49 (full 3):
 garbage-first heap   total 104448K, used 38174K [0x0000000708a00000, 0x0000000800000000)
  region size 2048K, 3 young (6144K), 3 survivors (6144K)
 Metaspace       used 85975K, committed 86784K, reserved 1179648K
  class space    used 10968K, committed 11392K, reserved 1048576K
}
Event: 11957.443 GC heap before
{Heap before GC invocations=49 (full 3):
 garbage-first heap   total 104448K, used 85278K [0x0000000708a00000, 0x0000000800000000)
  region size 2048K, 27 young (55296K), 3 survivors (6144K)
 Metaspace       used 87174K, committed 87936K, reserved 1179648K
  class space    used 11114K, committed 11456K, reserved 1048576K
}
Event: 11957.466 GC heap after
{Heap after GC invocations=50 (full 3):
 garbage-first heap   total 104448K, used 37913K [0x0000000708a00000, 0x0000000800000000)
  region size 2048K, 3 young (6144K), 3 survivors (6144K)
 Metaspace       used 87174K, committed 87936K, reserved 1179648K
  class space    used 11114K, committed 11456K, reserved 1048576K
}
Event: 12623.057 GC heap before
{Heap before GC invocations=50 (full 3):
 garbage-first heap   total 104448K, used 85017K [0x0000000708a00000, 0x0000000800000000)
  region size 2048K, 27 young (55296K), 3 survivors (6144K)
 Metaspace       used 87697K, committed 88448K, reserved 1179648K
  class space    used 11119K, committed 11456K, reserved 1048576K
}
Event: 12623.230 GC heap after
{Heap after GC invocations=51 (full 4):
 garbage-first heap   total 102400K, used 27825K [0x0000000708a00000, 0x0000000800000000)
  region size 2048K, 0 young (0K), 0 survivors (0K)
 Metaspace       used 87588K, committed 88448K, reserved 1179648K
  class space    used 11093K, committed 11456K, reserved 1048576K
}
Event: 12626.311 GC heap before
{Heap before GC invocations=51 (full 4):
 garbage-first heap   total 102400K, used 89265K [0x0000000708a00000, 0x0000000800000000)
  region size 2048K, 30 young (61440K), 0 survivors (0K)
 Metaspace       used 88279K, committed 89024K, reserved 1179648K
  class space    used 11183K, committed 11520K, reserved 1048576K
}
Event: 12626.318 GC heap after
{Heap after GC invocations=52 (full 4):
 garbage-first heap   total 102400K, used 32940K [0x0000000708a00000, 0x0000000800000000)
  region size 2048K, 3 young (6144K), 3 survivors (6144K)
 Metaspace       used 88279K, committed 89024K, reserved 1179648K
  class space    used 11183K, committed 11520K, reserved 1048576K
}
Event: 12627.321 GC heap before
{Heap before GC invocations=53 (full 4):
 garbage-first heap   total 102400K, used 84140K [0x0000000708a00000, 0x0000000800000000)
  region size 2048K, 29 young (59392K), 3 survivors (6144K)
 Metaspace       used 88834K, committed 89664K, reserved 1179648K
  class space    used 11219K, committed 11584K, reserved 1048576K
}
Event: 12627.329 GC heap after
{Heap after GC invocations=54 (full 4):
 garbage-first heap   total 102400K, used 35871K [0x0000000708a00000, 0x0000000800000000)
  region size 2048K, 3 young (6144K), 3 survivors (6144K)
 Metaspace       used 88834K, committed 89664K, reserved 1179648K
  class space    used 11219K, committed 11584K, reserved 1048576K
}
Event: 12681.762 GC heap before
{Heap before GC invocations=54 (full 4):
 garbage-first heap   total 102400K, used 72735K [0x0000000708a00000, 0x0000000800000000)
  region size 2048K, 22 young (45056K), 3 survivors (6144K)
 Metaspace       used 89215K, committed 90048K, reserved 1179648K
  class space    used 11256K, committed 11648K, reserved 1048576K
}

Dll operation events (11 events):
Event: 0.022 Loaded shared library C:\Program Files\Java\jdk-21\bin\java.dll
Event: 0.053 Loaded shared library C:\Program Files\Java\jdk-21\bin\jsvml.dll
Event: 0.138 Loaded shared library C:\Program Files\Java\jdk-21\bin\net.dll
Event: 0.142 Loaded shared library C:\Program Files\Java\jdk-21\bin\nio.dll
Event: 0.151 Loaded shared library C:\Program Files\Java\jdk-21\bin\zip.dll
Event: 7.293 Loaded shared library C:\Program Files\Java\jdk-21\bin\jimage.dll
Event: 11.718 Loaded shared library C:\Program Files\Java\jdk-21\bin\management.dll
Event: 11.733 Loaded shared library C:\Program Files\Java\jdk-21\bin\management_ext.dll
Event: 13.745 Loaded shared library C:\Program Files\Java\jdk-21\bin\sunmscapi.dll
Event: 21.229 Loaded shared library C:\Program Files\Java\jdk-21\bin\verify.dll
Event: 21.848 Loaded shared library C:\Program Files\Java\jdk-21\bin\extnet.dll

Deoptimization events (20 events):
Event: 12627.853 Thread 0x000001b7a18f1cf0 Uncommon trap: trap_request=0xffffff45 fr.pc=0x000001b748a81a8c relative=0x000000000000024c
Event: 12627.853 Thread 0x000001b7a18f1cf0 Uncommon trap: reason=unstable_if action=reinterpret pc=0x000001b748a81a8c method=java.io.BufferedOutputStream.growIfNeeded(I)V @ 24 c2
Event: 12627.853 Thread 0x000001b7a18f1cf0 DEOPT PACKING pc=0x000001b748a81a8c sp=0x000000294a5fe180
Event: 12627.853 Thread 0x000001b7a18f1cf0 DEOPT UNPACKING pc=0x000001b747db46a2 sp=0x000000294a5fe0b8 mode 2
Event: 12628.644 Thread 0x000001b7a01caa00 Uncommon trap: trap_request=0xffffffde fr.pc=0x000001b7489258f0 relative=0x0000000000001fb0
Event: 12628.644 Thread 0x000001b7a01caa00 Uncommon trap: reason=class_check action=maybe_recompile pc=0x000001b7489258f0 method=org.springframework.boot.devtools.filewatch.FileSystemWatcher$Watcher.getCurrentSnapshots()Ljava/util/Map; @ 12 c2
Event: 12628.644 Thread 0x000001b7a01caa00 DEOPT PACKING pc=0x000001b7489258f0 sp=0x0000002946eff2c0
Event: 12628.644 Thread 0x000001b7a01caa00 DEOPT UNPACKING pc=0x000001b747db46a2 sp=0x0000002946eff2d0 mode 2
Event: 12629.684 Thread 0x000001b7a01caa00 Uncommon trap: trap_request=0xffffffde fr.pc=0x000001b7489258f0 relative=0x0000000000001fb0
Event: 12629.684 Thread 0x000001b7a01caa00 Uncommon trap: reason=class_check action=maybe_recompile pc=0x000001b7489258f0 method=org.springframework.boot.devtools.filewatch.FileSystemWatcher$Watcher.getCurrentSnapshots()Ljava/util/Map; @ 12 c2
Event: 12629.684 Thread 0x000001b7a01caa00 DEOPT PACKING pc=0x000001b7489258f0 sp=0x0000002946eff2c0
Event: 12629.684 Thread 0x000001b7a01caa00 DEOPT UNPACKING pc=0x000001b747db46a2 sp=0x0000002946eff2d0 mode 2
Event: 12662.281 Thread 0x000001b7a01caa00 Uncommon trap: trap_request=0xffffff45 fr.pc=0x000001b748808e84 relative=0x0000000000003724
Event: 12662.281 Thread 0x000001b7a01caa00 Uncommon trap: reason=unstable_if action=reinterpret pc=0x000001b748808e84 method=java.io.File.normalizedList()[Ljava/lang/String; @ 34 c2
Event: 12662.281 Thread 0x000001b7a01caa00 DEOPT PACKING pc=0x000001b748808e84 sp=0x0000002946eff190
Event: 12662.281 Thread 0x000001b7a01caa00 DEOPT UNPACKING pc=0x000001b747db46a2 sp=0x0000002946eff090 mode 2
Event: 12662.281 Thread 0x000001b7a01c8930 Uncommon trap: trap_request=0xffffff45 fr.pc=0x000001b748808e84 relative=0x0000000000003724
Event: 12662.281 Thread 0x000001b7a01c8930 Uncommon trap: reason=unstable_if action=reinterpret pc=0x000001b748808e84 method=java.io.File.normalizedList()[Ljava/lang/String; @ 34 c2
Event: 12662.281 Thread 0x000001b7a01c8930 DEOPT PACKING pc=0x000001b748808e84 sp=0x00000029497ff480
Event: 12662.281 Thread 0x000001b7a01c8930 DEOPT UNPACKING pc=0x000001b747db46a2 sp=0x00000029497ff380 mode 2

Classes loaded (20 events):
Event: 5939.988 Loading class java/util/zip/GZIPOutputStream
Event: 5939.988 Loading class java/util/zip/GZIPOutputStream done
Event: 5940.024 Loading class sun/nio/cs/US_ASCII$Encoder
Event: 5940.024 Loading class sun/nio/cs/US_ASCII$Encoder done
Event: 5940.026 Loading class sun/nio/cs/Surrogate$Parser
Event: 5940.026 Loading class sun/nio/cs/Surrogate$Parser done
Event: 5940.026 Loading class sun/nio/cs/Surrogate
Event: 5940.026 Loading class sun/nio/cs/Surrogate done
Event: 5943.811 Loading class java/util/concurrent/locks/ReentrantReadWriteLock$Sync$HoldCounter
Event: 5943.811 Loading class java/util/concurrent/locks/ReentrantReadWriteLock$Sync$HoldCounter done
Event: 5943.870 Loading class java/util/function/LongSupplier
Event: 5943.870 Loading class java/util/function/LongSupplier done
Event: 5950.018 Loading class java/util/ArrayList$SubList$2
Event: 5950.027 Loading class java/util/ArrayList$SubList$2 done
Event: 5954.034 Loading class sun/nio/cs/US_ASCII$Decoder
Event: 5954.034 Loading class sun/nio/cs/US_ASCII$Decoder done
Event: 7558.735 Loading class java/time/DurationEditor
Event: 7558.735 Loading class java/time/DurationEditor done
Event: 12627.526 Loading class java/time/DurationEditor
Event: 12627.526 Loading class java/time/DurationEditor done

Classes unloaded (20 events):
Event: 12623.092 Thread 0x000001b757a13750 Unloading class 0x000001b75946d800 'java/lang/invoke/LambdaForm$MH+0x000001b75946d800'
Event: 12623.092 Thread 0x000001b757a13750 Unloading class 0x000001b759788000 'java/lang/invoke/LambdaForm$MH+0x000001b759788000'
Event: 12623.092 Thread 0x000001b757a13750 Unloading class 0x000001b759798000 'java/lang/invoke/LambdaForm$MH+0x000001b759798000'
Event: 12623.092 Thread 0x000001b757a13750 Unloading class 0x000001b759799800 'java/lang/invoke/LambdaForm$MH+0x000001b759799800'
Event: 12623.092 Thread 0x000001b757a13750 Unloading class 0x000001b75979a400 'java/lang/invoke/LambdaForm$MH+0x000001b75979a400'
Event: 12623.092 Thread 0x000001b757a13750 Unloading class 0x000001b759888800 'java/lang/invoke/LambdaForm$MH+0x000001b759888800'
Event: 12623.092 Thread 0x000001b757a13750 Unloading class 0x000001b75988ac00 'java/lang/invoke/LambdaForm$MH+0x000001b75988ac00'
Event: 12623.092 Thread 0x000001b757a13750 Unloading class 0x000001b7598b4000 'java/lang/invoke/LambdaForm$MH+0x000001b7598b4000'
Event: 12623.092 Thread 0x000001b757a13750 Unloading class 0x000001b759911800 'java/lang/invoke/LambdaForm$MH+0x000001b759911800'
Event: 12623.092 Thread 0x000001b757a13750 Unloading class 0x000001b759924000 'java/lang/invoke/LambdaForm$DMH+0x000001b759924000'
Event: 12623.092 Thread 0x000001b757a13750 Unloading class 0x000001b75994c000 'java/lang/invoke/LambdaForm$DMH+0x000001b75994c000'
Event: 12623.092 Thread 0x000001b757a13750 Unloading class 0x000001b7599aa800 'java/lang/invoke/LambdaForm$MH+0x000001b7599aa800'
Event: 12623.092 Thread 0x000001b757a13750 Unloading class 0x000001b759a4e000 'java/lang/invoke/LambdaForm$MH+0x000001b759a4e000'
Event: 12623.092 Thread 0x000001b757a13750 Unloading class 0x000001b7593be000 'java/lang/invoke/LambdaForm$MH+0x000001b7593be000'
Event: 12623.092 Thread 0x000001b757a13750 Unloading class 0x000001b759a9ac00 'java/lang/invoke/LambdaForm$MH+0x000001b759a9ac00'
Event: 12623.092 Thread 0x000001b757a13750 Unloading class 0x000001b759b11400 'java/lang/invoke/LambdaForm$MH+0x000001b759b11400'
Event: 12623.092 Thread 0x000001b757a13750 Unloading class 0x000001b759aad340 'org/apache/catalina/loader/JdbcLeakPrevention'
Event: 12623.092 Thread 0x000001b757a13750 Unloading class 0x000001b759aad000 'jdk/proxy9/$Proxy161'
Event: 12623.092 Thread 0x000001b757a13750 Unloading class 0x000001b7593e9c00 'java/lang/invoke/LambdaForm$MH+0x000001b7593e9c00'
Event: 12623.093 Thread 0x000001b757a13750 Unloading class 0x000001b7593e9800 'java/lang/invoke/LambdaForm$MH+0x000001b7593e9800'

Classes redefined (0 events):
No events

Internal exceptions (20 events):
Event: 12662.281 Thread 0x000001b7a01c8930 Implicit null exception at 0x000001b74880595b to 0x000001b748808e60
Event: 12681.724 Thread 0x000001b7a01c8930 Exception <a 'java/io/IOException'{0x000000070cbfa598}> (0x000000070cbfa598) 
thrown [s\open\src\hotspot\share\prims\jni.cpp, line 520]
Event: 12681.724 Thread 0x000001b7a01c8930 Exception <a 'java/io/IOException'{0x000000070cbfab60}> (0x000000070cbfab60) 
thrown [s\open\src\hotspot\share\prims\jni.cpp, line 520]
Event: 12681.730 Thread 0x000001b7a18ef590 Exception <a 'java/io/IOException'{0x000000070c8058c0}> (0x000000070c8058c0) 
thrown [s\open\src\hotspot\share\prims\jni.cpp, line 520]
Event: 12681.730 Thread 0x000001b7a18ef590 Exception <a 'java/io/IOException'{0x000000070c805e88}> (0x000000070c805e88) 
thrown [s\open\src\hotspot\share\prims\jni.cpp, line 520]
Event: 12681.742 Thread 0x000001b7a18f0940 Exception <a 'java/io/IOException'{0x000000070c820de0}> (0x000000070c820de0) 
thrown [s\open\src\hotspot\share\prims\jni.cpp, line 520]
Event: 12681.742 Thread 0x000001b7a18f0940 Exception <a 'java/io/IOException'{0x000000070c8210f8}> (0x000000070c8210f8) 
thrown [s\open\src\hotspot\share\prims\jni.cpp, line 520]
Event: 12681.746 Thread 0x000001b7a18ef590 Exception <a 'java/io/IOException'{0x000000070c85a278}> (0x000000070c85a278) 
thrown [s\open\src\hotspot\share\prims\jni.cpp, line 520]
Event: 12681.746 Thread 0x000001b7a18ef590 Exception <a 'java/io/IOException'{0x000000070c85a840}> (0x000000070c85a840) 
thrown [s\open\src\hotspot\share\prims\jni.cpp, line 520]
Event: 12681.747 Thread 0x000001b7a18ef590 Exception <a 'java/io/IOException'{0x000000070c864b78}> (0x000000070c864b78) 
thrown [s\open\src\hotspot\share\prims\jni.cpp, line 520]
Event: 12681.747 Thread 0x000001b7a18ef590 Exception <a 'java/io/IOException'{0x000000070c865140}> (0x000000070c865140) 
thrown [s\open\src\hotspot\share\prims\jni.cpp, line 520]
Event: 12681.751 Thread 0x000001b7a18ea6d0 Exception <a 'java/io/IOException'{0x000000070c870200}> (0x000000070c870200) 
thrown [s\open\src\hotspot\share\prims\jni.cpp, line 520]
Event: 12681.752 Thread 0x000001b7a18ea6d0 Exception <a 'java/io/IOException'{0x000000070c871128}> (0x000000070c871128) 
thrown [s\open\src\hotspot\share\prims\jni.cpp, line 520]
Event: 12681.754 Thread 0x000001b7a18ea6d0 Exception <a 'java/io/IOException'{0x000000070c8754d0}> (0x000000070c8754d0) 
thrown [s\open\src\hotspot\share\prims\jni.cpp, line 520]
Event: 12681.754 Thread 0x000001b7a18ea6d0 Exception <a 'java/io/IOException'{0x000000070c8760f0}> (0x000000070c8760f0) 
thrown [s\open\src\hotspot\share\prims\jni.cpp, line 520]
Event: 12681.755 Thread 0x000001b7a18ea6d0 Exception <a 'java/net/SocketException'{0x000000070c877f08}: Connection reset by peer: shutdown> (0x000000070c877f08) 
thrown [s\open\src\hotspot\share\prims\jni.cpp, line 539]
Event: 12681.756 Thread 0x000001b7a18ea6d0 Exception <a 'java/net/SocketException'{0x000000070c87a5f8}: Connection reset by peer: shutdown> (0x000000070c87a5f8) 
thrown [s\open\src\hotspot\share\prims\jni.cpp, line 539]
Event: 12681.758 Thread 0x000001b7a18ef590 Exception <a 'java/io/IOException'{0x000000070c8673e0}> (0x000000070c8673e0) 
thrown [s\open\src\hotspot\share\prims\jni.cpp, line 520]
Event: 12681.758 Thread 0x000001b7a18ef590 Exception <a 'java/io/IOException'{0x000000070c8679a8}> (0x000000070c8679a8) 
thrown [s\open\src\hotspot\share\prims\jni.cpp, line 520]
Event: 12681.761 Thread 0x000001b7a01cff50 Exception <a 'java/lang/InterruptedException'{0x000000070c8a4650}: sleep interrupted> (0x000000070c8a4650) 
thrown [s\open\src\hotspot\share\prims\jvm.cpp, line 3074]

ZGC Phase Switch (0 events):
No events

VM Operations (20 events):
Event: 12626.889 Executing VM operation: ICBufferFull done
Event: 12627.000 Executing VM operation: ICBufferFull
Event: 12627.000 Executing VM operation: ICBufferFull done
Event: 12627.067 Executing VM operation: ICBufferFull
Event: 12627.068 Executing VM operation: ICBufferFull done
Event: 12627.157 Executing VM operation: ICBufferFull
Event: 12627.157 Executing VM operation: ICBufferFull done
Event: 12627.320 Executing VM operation: G1CollectForAllocation (G1 Evacuation Pause)
Event: 12627.329 Executing VM operation: G1CollectForAllocation (G1 Evacuation Pause) done
Event: 12628.332 Executing VM operation: Cleanup
Event: 12628.332 Executing VM operation: Cleanup done
Event: 12629.343 Executing VM operation: Cleanup
Event: 12629.343 Executing VM operation: Cleanup done
Event: 12638.232 Executing VM operation: HandshakeAllThreads (HandshakeForDeflation)
Event: 12638.232 Executing VM operation: HandshakeAllThreads (HandshakeForDeflation) done
Event: 12638.232 Executing VM operation: RendezvousGCThreads
Event: 12638.232 Executing VM operation: RendezvousGCThreads done
Event: 12642.264 Executing VM operation: Cleanup
Event: 12642.264 Executing VM operation: Cleanup done
Event: 12681.762 Executing VM operation: G1CollectFull (System.gc())

Events (20 events):
Event: 12681.724 Thread 0x000001b7a01c8930 Thread exited: 0x000001b7a01c8930
Event: 12681.727 Thread 0x000001b7a18f1cf0 Thread exited: 0x000001b7a18f1cf0
Event: 12681.730 Thread 0x000001b7a18f0940 Thread added: 0x000001b7a18f0940
Event: 12681.741 Thread 0x000001b7a18eba80 Thread exited: 0x000001b7a18eba80
Event: 12681.742 Thread 0x000001b7a18f0940 Thread exited: 0x000001b7a18f0940
Event: 12681.743 Thread 0x000001b7a18eef00 Thread exited: 0x000001b7a18eef00
Event: 12681.743 Thread 0x000001b7a18ea6d0 Thread exited: 0x000001b7a18ea6d0
Event: 12681.743 Thread 0x000001b7a18ead60 Thread exited: 0x000001b7a18ead60
Event: 12681.743 Thread 0x000001b7a01ce510 Thread exited: 0x000001b7a01ce510
Event: 12681.743 Thread 0x000001b7a18edb50 Thread exited: 0x000001b7a18edb50
Event: 12681.743 Thread 0x000001b7a18ec7a0 Thread exited: 0x000001b7a18ec7a0
Event: 12681.743 Thread 0x000001b7a18ee870 Thread exited: 0x000001b7a18ee870
Event: 12681.744 Thread 0x000001b7a01cd7f0 Thread exited: 0x000001b7a01cd7f0
Event: 12681.744 Thread 0x000001b7a01cf230 Thread exited: 0x000001b7a01cf230
Event: 12681.744 Thread 0x000001b7a01ceba0 Thread exited: 0x000001b7a01ceba0
Event: 12681.744 Thread 0x000001b7a18eb3f0 Thread exited: 0x000001b7a18eb3f0
Event: 12681.747 Thread 0x000001b7a18ea6d0 Thread added: 0x000001b7a18ea6d0
Event: 12681.752 Thread 0x000001b7a01cc440 Thread exited: 0x000001b7a01cc440
Event: 12681.757 Thread 0x000001b7a18ea6d0 Thread exited: 0x000001b7a18ea6d0
Event: 12681.761 Thread 0x000001b7a01cff50 Thread exited: 0x000001b7a01cff50


Dynamic libraries:
0x00007ff615570000 - 0x00007ff615580000 	C:\Program Files\Java\jdk-21\bin\javaw.exe
0x00007ff910680000 - 0x00007ff9108e6000 	C:\WINDOWS\SYSTEM32\ntdll.dll
0x00007ff8de9e0000 - 0x00007ff8de9fb000 	C:\Program Files\Norton\Suite\aswhook.dll
0x00007ff90eb90000 - 0x00007ff90ec59000 	C:\WINDOWS\System32\KERNEL32.DLL
0x00007ff90de70000 - 0x00007ff90e23c000 	C:\WINDOWS\System32\KERNELBASE.dll
0x00007ff90e2f0000 - 0x00007ff90e43b000 	C:\WINDOWS\System32\ucrtbase.dll
0x00007ff8f0220000 - 0x00007ff8f0239000 	C:\Program Files\Java\jdk-21\bin\jli.dll
0x00007ff90ead0000 - 0x00007ff90eb82000 	C:\WINDOWS\System32\ADVAPI32.dll
0x00007ff90fc60000 - 0x00007ff90fd09000 	C:\WINDOWS\System32\msvcrt.dll
0x00007ff90ec60000 - 0x00007ff90ed06000 	C:\WINDOWS\System32\sechost.dll
0x00007ff90ed10000 - 0x00007ff90ee26000 	C:\WINDOWS\System32\RPCRT4.dll
0x00007ff90fd10000 - 0x00007ff90feda000 	C:\WINDOWS\System32\USER32.dll
0x00007ff90d990000 - 0x00007ff90d9b7000 	C:\WINDOWS\System32\win32u.dll
0x00007ff90f720000 - 0x00007ff90f74b000 	C:\WINDOWS\System32\GDI32.dll
0x00007ff90dc90000 - 0x00007ff90ddc2000 	C:\WINDOWS\System32\gdi32full.dll
0x00007ff90e240000 - 0x00007ff90e2e3000 	C:\WINDOWS\System32\msvcp_win.dll
0x00007ff8f5f30000 - 0x00007ff8f5f3b000 	C:\WINDOWS\SYSTEM32\VERSION.dll
0x00007ff8dbed0000 - 0x00007ff8dc16a000 	C:\WINDOWS\WinSxS\amd64_microsoft.windows.common-controls_6595b64144ccf1df_6.0.26100.3912_none_3e07963ce335137e\COMCTL32.dll
0x00007ff8eb8f0000 - 0x00007ff8eb90b000 	C:\Program Files\Java\jdk-21\bin\VCRUNTIME140.dll
0x00007ff9100d0000 - 0x00007ff910100000 	C:\WINDOWS\System32\IMM32.DLL
0x00007ff8fee30000 - 0x00007ff8fee3c000 	C:\Program Files\Java\jdk-21\bin\vcruntime140_1.dll
0x00007ff8e3c90000 - 0x00007ff8e3d1e000 	C:\Program Files\Java\jdk-21\bin\msvcp140.dll
0x00007ff8a6270000 - 0x00007ff8a6f8a000 	C:\Program Files\Java\jdk-21\bin\server\jvm.dll
0x00007ff90e9c0000 - 0x00007ff90ea34000 	C:\WINDOWS\System32\WS2_32.dll
0x00007ff90d650000 - 0x00007ff90d6ae000 	C:\WINDOWS\SYSTEM32\POWRPROF.dll
0x00007ff900410000 - 0x00007ff900446000 	C:\WINDOWS\SYSTEM32\WINMM.dll
0x00007ff90d630000 - 0x00007ff90d644000 	C:\WINDOWS\SYSTEM32\UMPDC.dll
0x00007ff90c590000 - 0x00007ff90c5aa000 	C:\WINDOWS\SYSTEM32\kernel.appcore.dll
0x00007ff8e4690000 - 0x00007ff8e469a000 	C:\Program Files\Java\jdk-21\bin\jimage.dll
0x00007ff90ace0000 - 0x00007ff90af21000 	C:\WINDOWS\SYSTEM32\DBGHELP.DLL
0x00007ff90e620000 - 0x00007ff90e9a4000 	C:\WINDOWS\System32\combase.dll
0x00007ff90fee0000 - 0x00007ff90ffc0000 	C:\WINDOWS\System32\OLEAUT32.dll
0x00007ff8f5670000 - 0x00007ff8f56a9000 	C:\WINDOWS\SYSTEM32\dbgcore.DLL
0x00007ff90ddd0000 - 0x00007ff90de69000 	C:\WINDOWS\System32\bcryptPrimitives.dll
0x00007ff8a94d0000 - 0x00007ff8a94ef000 	C:\Program Files\Java\jdk-21\bin\java.dll
0x00007ff90eff0000 - 0x00007ff90f71d000 	C:\WINDOWS\System32\SHELL32.dll
0x00007ff90d810000 - 0x00007ff90d984000 	C:\WINDOWS\System32\wintypes.dll
0x00007ff90b230000 - 0x00007ff90ba86000 	C:\WINDOWS\SYSTEM32\windows.storage.dll
0x00007ff90ffd0000 - 0x00007ff9100bf000 	C:\WINDOWS\System32\SHCORE.dll
0x00007ff90fb10000 - 0x00007ff90fb79000 	C:\WINDOWS\System32\shlwapi.dll
0x00007ff90d720000 - 0x00007ff90d74f000 	C:\WINDOWS\SYSTEM32\profapi.dll
0x00007ff88ccc0000 - 0x00007ff88cd97000 	C:\Program Files\Java\jdk-21\bin\jsvml.dll
0x00007ff8e45f0000 - 0x00007ff8e4600000 	C:\Program Files\Java\jdk-21\bin\net.dll
0x00007ff8ff1b0000 - 0x00007ff8ff2ce000 	C:\WINDOWS\SYSTEM32\WINHTTP.dll
0x00007ff90cae0000 - 0x00007ff90cb4a000 	C:\WINDOWS\system32\mswsock.dll
0x00007ff8a9370000 - 0x00007ff8a9386000 	C:\Program Files\Java\jdk-21\bin\nio.dll
0x00007ff8a5d80000 - 0x00007ff8a5d98000 	C:\Program Files\Java\jdk-21\bin\zip.dll
0x00007ff8f0ad0000 - 0x00007ff8f0ada000 	C:\Program Files\Java\jdk-21\bin\management.dll
0x00007ff8f05d0000 - 0x00007ff8f05db000 	C:\Program Files\Java\jdk-21\bin\management_ext.dll
0x00007ff90f800000 - 0x00007ff90f808000 	C:\WINDOWS\System32\PSAPI.DLL
0x00007ff8b78b0000 - 0x00007ff8b78be000 	C:\Program Files\Java\jdk-21\bin\sunmscapi.dll
0x00007ff90d9c0000 - 0x00007ff90db37000 	C:\WINDOWS\System32\CRYPT32.dll
0x00007ff90cff0000 - 0x00007ff90d020000 	C:\WINDOWS\SYSTEM32\ncrypt.dll
0x00007ff90cfa0000 - 0x00007ff90cfdf000 	C:\WINDOWS\SYSTEM32\NTASN1.dll
0x00007ff90cea0000 - 0x00007ff90cebc000 	C:\WINDOWS\SYSTEM32\CRYPTSP.dll
0x00007ff90c4f0000 - 0x00007ff90c52a000 	C:\WINDOWS\system32\rsaenh.dll
0x00007ff90cb80000 - 0x00007ff90cbab000 	C:\WINDOWS\SYSTEM32\USERENV.dll
0x00007ff90d6f0000 - 0x00007ff90d716000 	C:\WINDOWS\SYSTEM32\bcrypt.dll
0x00007ff90cd10000 - 0x00007ff90cd1c000 	C:\WINDOWS\SYSTEM32\CRYPTBASE.dll
0x00007ff90bdf0000 - 0x00007ff90be23000 	C:\WINDOWS\SYSTEM32\IPHLPAPI.DLL
0x00007ff90e9b0000 - 0x00007ff90e9ba000 	C:\WINDOWS\System32\NSI.dll
0x00007ff8bf990000 - 0x00007ff8bf9a0000 	C:\Program Files\Java\jdk-21\bin\verify.dll
0x00007ff90be90000 - 0x00007ff90bfb7000 	C:\WINDOWS\SYSTEM32\DNSAPI.dll
0x00007ff8fe330000 - 0x00007ff8fe33b000 	C:\Windows\System32\rasadhlp.dll
0x00007ff9006c0000 - 0x00007ff900746000 	C:\WINDOWS\System32\fwpuclnt.dll
0x00007ff8fefd0000 - 0x00007ff8fefd9000 	C:\Program Files\Java\jdk-21\bin\extnet.dll
0x00007ff8c2210000 - 0x00007ff8c2218000 	C:\WINDOWS\system32\wshunix.dll

dbghelp: loaded successfully - version: 4.0.5 - missing functions: none
symbol engine: initialized successfully - sym options: 0x614 - pdb path: .;C:\Program Files\Java\jdk-21\bin;C:\WINDOWS\SYSTEM32;C:\Program Files\Norton\Suite;C:\WINDOWS\WinSxS\amd64_microsoft.windows.common-controls_6595b64144ccf1df_6.0.26100.3912_none_3e07963ce335137e;C:\Program Files\Java\jdk-21\bin\server

VM Arguments:
jvm_args: -Dfile.encoding=UTF-8 -Dstdout.encoding=UTF-8 -Dstderr.encoding=UTF-8 -XX:+ShowCodeDetailsInExceptionMessages 
java_command: gomobi.io.forex.ForexApplication
java_class_path (initial): D:\IntelliJ Projects\forex\target\classes;C:\Users\jayandhan.r\.m2\repository\org\springframework\boot\spring-boot-starter-data-jpa\3.4.4\spring-boot-starter-data-jpa-3.4.4.jar;C:\Users\jayandhan.r\.m2\repository\org\springframework\boot\spring-boot-starter\3.4.4\spring-boot-starter-3.4.4.jar;C:\Users\jayandhan.r\.m2\repository\org\springframework\boot\spring-boot-starter-logging\3.4.4\spring-boot-starter-logging-3.4.4.jar;C:\Users\jayandhan.r\.m2\repository\ch\qos\logback\logback-classic\1.5.18\logback-classic-1.5.18.jar;C:\Users\jayandhan.r\.m2\repository\ch\qos\logback\logback-core\1.5.18\logback-core-1.5.18.jar;C:\Users\jayandhan.r\.m2\repository\org\apache\logging\log4j\log4j-to-slf4j\2.24.3\log4j-to-slf4j-2.24.3.jar;C:\Users\jayandhan.r\.m2\repository\org\apache\logging\log4j\log4j-api\2.24.3\log4j-api-2.24.3.jar;C:\Users\jayandhan.r\.m2\repository\org\slf4j\jul-to-slf4j\2.0.17\jul-to-slf4j-2.0.17.jar;C:\Users\jayandhan.r\.m2\repository\jakarta\annotation\jakarta.annotation-api\2.1.1\jakarta.annotation-api-2.1.1.jar;C:\Users\jayandhan.r\.m2\repository\org\yaml\snakeyaml\2.3\snakeyaml-2.3.jar;C:\Users\jayandhan.r\.m2\repository\org\springframework\boot\spring-boot-starter-jdbc\3.4.4\spring-boot-starter-jdbc-3.4.4.jar;C:\Users\jayandhan.r\.m2\repository\com\zaxxer\HikariCP\5.1.0\HikariCP-5.1.0.jar;C:\Users\jayandhan.r\.m2\repository\org\springframework\spring-jdbc\6.2.5\spring-jdbc-6.2.5.jar;C:\Users\jayandhan.r\.m2\repository\org\hibernate\orm\hibernate-core\6.6.11.Final\hibernate-core-6.6.11.Final.jar;C:\Users\jayandhan.r\.m2\repository\jakarta\persistence\jakarta.persistence-api\3.1.0\jakarta.persistence-api-3.1.0.jar;C:\Users\jayandhan.r\.m2\repository\jakarta\transaction\jakarta.transaction-api\2.0.1\jakarta.transaction-api-2.0.1.jar;C:\Users\jayandhan.r\.m2\repository\org\jboss\logging\jboss-logging\3.6.1.Final\jboss-logging-3.6.1.Final.jar;C:\Users\jayandhan.r\.m2\repository\org\hibernate\common\hibernate-commons-annotations\7.0.3.Final\hibernate-commons-annotations-7.0.3.Final.jar;C:\Users\jayandhan.r\.m2\repository\io\smallrye\jandex\3.2.0\jandex-3.2.0.jar;C:\Users\jayandhan.r\.m2\repository\com\fasterxml\classmate\1.7.0\classmate-1.7.0.jar;C:\Users\jayandhan.r\.m2\repository\net\bytebuddy\byte-buddy\1.15.11\byte-buddy-1.15.11.jar;C:\Users\jayandhan.r\.m2\repository\org\glassfish\jaxb\jaxb-runtime\4.0.5\jaxb-runtime-4.0.5.jar;C:\Users\jayandhan.r\.m2\repository\org\glassfish\jaxb\jaxb-core\4.0.5\jaxb-core-4.0.5.jar;C:\Users\jayandhan.r\.m2\repository\org\glassfish\jaxb\txw2\4.0.5\txw2-4.0.5.jar;C:\Users\jayandhan.r\.m2\repository\com\sun\istack\istack-commons-runtime\4.1.2\istack-commons-runtime-4.1.2.jar;C:\Users\jayandhan.r\.m2\repository\jakarta\inject\jakarta.inject-api\2.0.1\jakarta.inject-api-2.0.1.jar;C:\Users\jayandhan.r\.m2\repository\org\antlr\antlr4-runtime\4.13.0\antlr4-runtime-4.13.0.jar;C:\Users\jayandhan.r\.m2\repository\org\springframework\data\spring-data-jpa\3.4.4\spring-data-jpa-3.4.4.jar;C:\Users\jayandhan.r\.m2\repository\org\springframework\data\spring-data-commons\3.4.4\spring-data-commons-3.4.4.jar;C:\Users\jayandhan.r\.m2\repository\org\springframework\spring-orm\6.2.5\spring-orm-6.2.5.jar;C:\Users\jayandhan.r\.m2\repository\org\springframework\spring-context\6.2.5\spring-context-6.2.5.jar;C:\Users\jayandhan.r\.m2\repository\org\springframework\spring-tx\6.2.5\spring-tx-6.2.5.jar;C:\Users\jayandhan.r\.m2\repository\org\springframework\spring-beans\6.2.5\spring-beans-6.2.5.jar;C:\Users\jayandhan.r\.m2\repository\org\slf4j\slf4j-api\2.0.17\slf4j-api-2.0.17.jar;C:\Users\jayandhan.r\.m2\repository\org\springframework\spring-aspects\6.2.5\spring-aspects-6.2.5.jar;C:\Users\jayandhan.r\.m2\repository\org\aspectj\aspectjweaver\1.9.23\aspectjweaver-1.9.23.jar;C:\Users\jayandhan.r\.m2\repository\org\springframework\boot\spring-boot-starter-web\3.4.4\spring-boot-starter-web-3.4.4.jar;C:\Users\jayandhan.r\.m2\repository\org\springframework\boot\spring-boot-starter-json\3.4.4\spring-boot-starter-json-3.4.4.jar;C:\Users\jayandhan.r\.m2\repository\com\fasterxml\jackson\datatype\jackson-datatype-jdk8\2.18.3\jackson-datatype-jdk8-2.18.3.jar;C:\Users\jayandhan.r\.m2\repository\com\fasterxml\jackson\datatype\jackson-datatype-jsr310\2.18.3\jackson-datatype-jsr310-2.18.3.jar;C:\Users\jayandhan.r\.m2\repository\com\fasterxml\jackson\module\jackson-module-parameter-names\2.18.3\jackson-module-parameter-names-2.18.3.jar;C:\Users\jayandhan.r\.m2\repository\org\springframework\boot\spring-boot-starter-tomcat\3.4.4\spring-boot-starter-tomcat-3.4.4.jar;C:\Users\jayandhan.r\.m2\repository\org\apache\tomcat\embed\tomcat-embed-core\10.1.39\tomcat-embed-core-10.1.39.jar;C:\Users\jayandhan.r\.m2\repository\org\apache\tomcat\embed\tomcat-embed-websocket\10.1.39\tomcat-embed-websocket-10.1.39.jar;C:\Users\jayandhan.r\.m2\repository\org\springframework\spring-web\6.2.5\spring-web-6.2.5.jar;C:\Users\jayandhan.r\.m2\repository\io\micrometer\micrometer-observation\1.14.5\micrometer-observation-1.14.5.jar;C:\Users\jayandhan.r\.m2\repository\io\micrometer\micrometer-commons\1.14.5\micrometer-commons-1.14.5.jar;C:\Users\jayandhan.r\.m2\repository\org\springframework\spring-webmvc\6.2.5\spring-webmvc-6.2.5.jar;C:\Users\jayandhan.r\.m2\repository\org\springframework\spring-expression\6.2.5\spring-expression-6.2.5.jar;C:\Users\jayandhan.r\.m2\repository\org\springframework\boot\spring-boot-devtools\3.4.4\spring-boot-devtools-3.4.4.jar;C:\Users\jayandhan.r\.m2\repository\org\springframework\boot\spring-boot\3.4.4\spring-boot-3.4.4.jar;C:\Users\jayandhan.r\.m2\repository\org\springframework\boot\spring-boot-autoconfigure\3.4.4\spring-boot-autoconfigure-3.4.4.jar;C:\Users\jayandhan.r\.m2\repository\com\mysql\mysql-connector-j\9.1.0\mysql-connector-j-9.1.0.jar;C:\Users\jayandhan.r\.m2\repository\jakarta\xml\bind\jakarta.xml.bind-api\4.0.2\jakarta.xml.bind-api-4.0.2.jar;C:\Users\jayandhan.r\.m2\repository\jakarta\activation\jakarta.activation-api\2.1.3\jakarta.activation-api-2.1.3.jar;C:\Users\jayandhan.r\.m2\repository\org\springframework\spring-core\6.2.5\spring-core-6.2.5.jar;C:\Users\jayandhan.r\.m2\repository\org\springframework\spring-jcl\6.2.5\spring-jcl-6.2.5.jar;C:\Users\jayandhan.r\.m2\repository\org\projectlombok\lombok\1.18.36\lombok-1.18.36.jar;C:\Users\jayandhan.r\.m2\repository\org\springframework\boot\spring-boot-starter-security\3.4.4\spring-boot-starter-security-3.4.4.jar;C:\Users\jayandhan.r\.m2\repository\org\springframework\spring-aop\6.2.5\spring-aop-6.2.5.jar;C:\Users\jayandhan.r\.m2\repository\org\springframework\security\spring-security-config\6.4.4\spring-security-config-6.4.4.jar;C:\Users\jayandhan.r\.m2\repository\org\springframework\security\spring-security-core\6.4.4\spring-security-core-6.4.4.jar;C:\Users\jayandhan.r\.m2\repository\org\springframework\security\spring-security-crypto\6.4.4\spring-security-crypto-6.4.4.jar;C:\Users\jayandhan.r\.m2\repository\org\springframework\security\spring-security-web\6.4.4\spring-security-web-6.4.4.jar;C:\Users\jayandhan.r\.m2\repository\jakarta\validation\jakarta.validation-api\3.0.2\jakarta.validation-api-3.0.2.jar;C:\Users\jayandhan.r\.m2\repository\org\springframework\boot\spring-boot-starter-validation\3.4.4\spring-boot-starter-validation-3.4.4.jar;C:\Users\jayandhan.r\.m2\repository\org\apache\tomcat\embed\tomcat-embed-el\10.1.39\tomcat-embed-el-10.1.39.jar;C:\Users\jayandhan.r\.m2\repository\org\hibernate\validator\hibernate-validator\8.0.2.Final\hibernate-validator-8.0.2.Final.jar;C:\Users\jayandhan.r\.m2\repository\io\jsonwebtoken\jjwt-api\0.12.6\jjwt-api-0.12.6.jar;C:\Users\jayandhan.r\.m2\repository\io\jsonwebtoken\jjwt-impl\0.12.6\jjwt-impl-0.12.6.jar;C:\Users\jayandhan.r\.m2\repository\io\jsonwebtoken\jjwt-jackson\0.12.6\jjwt-jackson-0.12.6.jar;C:\Users\jayandhan.r\.m2\repository\com\fasterxml\jackson\core\jackson-databind\2.18.3\jackson-databind-2.18.3.jar;C:\Users\jayandhan.r\.m2\repository\com\fasterxml\jackson\core\jackson-annotations\2.18.3\jackson-annotations-2.18.3.jar;C:\Users\jayandhan.r\.m2\repository\com\fasterxml\jackson\core\jackson-core\2.18.3\jackson-core-2.18.3.jar;C:\Users\jayandhan.r\.m2\repository\org\springframework\boot\spring-boot-starter-mail\3.4.4\spring-boot-starter-mail-3.4.4.jar;C:\Users\jayandhan.r\.m2\repository\org\springframework\spring-context-support\6.2.5\spring-context-support-6.2.5.jar;C:\Users\jayandhan.r\.m2\repository\org\eclipse\angus\jakarta.mail\2.0.3\jakarta.mail-2.0.3.jar;C:\Users\jayandhan.r\.m2\repository\org\eclipse\angus\angus-activation\2.0.2\angus-activation-2.0.2.jar
Launcher Type: SUN_STANDARD

[Global flags]
     intx CICompilerCount                          = 4                                         {product} {ergonomic}
     uint ConcGCThreads                            = 3                                         {product} {ergonomic}
     uint G1ConcRefinementThreads                  = 11                                        {product} {ergonomic}
   size_t G1HeapRegionSize                         = 2097152                                   {product} {ergonomic}
    uintx GCDrainStackTargetSize                   = 64                                        {product} {ergonomic}
   size_t InitialHeapSize                          = 260046848                                 {product} {ergonomic}
   size_t MarkStackSize                            = 4194304                                   {product} {ergonomic}
   size_t MaxHeapSize                              = 4150263808                                {product} {ergonomic}
   size_t MaxNewSize                               = 2489319424                                {product} {ergonomic}
   size_t MinHeapDeltaBytes                        = 2097152                                   {product} {ergonomic}
   size_t MinHeapSize                              = 8388608                                   {product} {ergonomic}
    uintx NonNMethodCodeHeapSize                   = 5839372                                {pd product} {ergonomic}
    uintx NonProfiledCodeHeapSize                  = 122909434                              {pd product} {ergonomic}
    uintx ProfiledCodeHeapSize                     = 122909434                              {pd product} {ergonomic}
    uintx ReservedCodeCacheSize                    = 251658240                              {pd product} {ergonomic}
     bool SegmentedCodeCache                       = true                                      {product} {ergonomic}
     bool ShowCodeDetailsInExceptionMessages       = true                                   {manageable} {command line}
   size_t SoftMaxHeapSize                          = 4150263808                             {manageable} {ergonomic}
     bool UseCompressedOops                        = true                           {product lp64_product} {ergonomic}
     bool UseG1GC                                  = true                                      {product} {ergonomic}
     bool UseLargePagesIndividualAllocation        = false                                  {pd product} {ergonomic}

Logging:
Log output configuration:
 #0: stdout all=warning uptime,level,tags foldmultilines=false
 #1: stderr all=off uptime,level,tags foldmultilines=false

Environment Variables:
JAVA_HOME=C:\Program Files\Java\jdk-21
PATH=C:/Program Files/Java/jdk-21/bin/server;C:/Program Files/Java/jdk-21/bin;C:\Program Files\Java\jdk-21\bin;C:\Program Files\Common Files\Oracle\Java\javapath;C:\WINDOWS\system32;C:\WINDOWS;C:\WINDOWS\System32\Wbem;C:\WINDOWS\System32\WindowsPowerShell\v1.0\;C:\WINDOWS\System32\OpenSSH\;C:\Program Files\dotnet\;C:\Program Files\Git\cmd;C:\Program Files\JetBrains\IntelliJ IDEA Community Edition 2024.3.5\jbr\bin;C:\Users\jayandhan.r\AppData\Local\nvm;C:\nvm4w\nodejs;C:\Program Files\OpenSSL-Win64\bin;C:\Program Files\nodejs\;C:\Users\jayandhan.r\Downloads\platform-tools-latest-windows\platform-tools;C:\Program Files\Java\jdk-21\bin;C:\Program Files\MySQL\MySQL Shell 8.0\bin\;C:\Users\jayandhan.r\AppData\Local\Microsoft\WindowsApps;C:\Users\jayandhan.r\AppData\Local\Programs\Microsoft VS Code\bin;C:\Program Files\JetBrains\IntelliJ IDEA Community Edition 2024.3.5\jbr\bin;C:\Users\jayandhan.r\AppData\Local\nvm;C:\nvm4w\nodejs;C:\Program Files\OpenSSL-Win64\bin;C:\Program Files\JetBrains\IntelliJ IDEA Community Edition 2025.1\bin;;C:\Users\jayandhan.r\AppData\Roaming\npm;C:\Users\jayandhan.r\Downloads\platform-tools-latest-windows\platform-tools;;C:\WINDOWS\System32;
USERNAME=jayandhan.r
OS=Windows_NT
PROCESSOR_IDENTIFIER=Intel64 Family 6 Model 170 Stepping 4, GenuineIntel
TMP=C:\Users\JAYAND~1.R\AppData\Local\Temp
TEMP=C:\Users\JAYAND~1.R\AppData\Local\Temp




Periodic native trim disabled

---------------  S Y S T E M  ---------------

OS:
 Windows 11 , 64 bit Build 26100 (10.0.26100.3912)
OS uptime: 0 days 19:41 hours
Hyper-V role detected

CPU: total 14 (initial active 14) (7 cores per cpu, 2 threads per core) family 6 model 170 stepping 4 microcode 0x1c, cx8, cmov, fxsr, ht, mmx, 3dnowpref, sse, sse2, sse3, ssse3, sse4.1, sse4.2, popcnt, lzcnt, tsc, tscinvbit, avx, avx2, aes, erms, clmul, bmi1, bmi2, adx, sha, fma, vzeroupper, clflush, clflushopt, clwb, hv, serialize, rdtscp, rdpid, fsrm, f16c, cet_ibt, cet_ss
Processor Information for processor 0
  Max Mhz: 1700, Current Mhz: 1700, Mhz Limit: 1700
Processor Information for processor 1
  Max Mhz: 1700, Current Mhz: 1700, Mhz Limit: 1700
Processor Information for processor 2
  Max Mhz: 1200, Current Mhz: 1200, Mhz Limit: 1200
Processor Information for processor 3
  Max Mhz: 1200, Current Mhz: 1200, Mhz Limit: 1200
Processor Information for processor 4
  Max Mhz: 1200, Current Mhz: 1200, Mhz Limit: 1200
Processor Information for processor 5
  Max Mhz: 1200, Current Mhz: 1200, Mhz Limit: 1200
Processor Information for processor 6
  Max Mhz: 1200, Current Mhz: 1200, Mhz Limit: 1200
Processor Information for processor 7
  Max Mhz: 1200, Current Mhz: 1200, Mhz Limit: 1200
Processor Information for processor 8
  Max Mhz: 1200, Current Mhz: 1200, Mhz Limit: 1200
Processor Information for processor 9
  Max Mhz: 1200, Current Mhz: 1200, Mhz Limit: 1200
Processor Information for processor 10
  Max Mhz: 1700, Current Mhz: 1700, Mhz Limit: 1700
Processor Information for processor 11
  Max Mhz: 1700, Current Mhz: 1700, Mhz Limit: 1700
Processor Information for processor 12
  Max Mhz: 2100, Current Mhz: 700, Mhz Limit: 693
Processor Information for processor 13
  Max Mhz: 2100, Current Mhz: 700, Mhz Limit: 693

Memory: 4k page, system-wide physical 15828M (661M free)
TotalPageFile size 36367M (AvailPageFile size 4M)
current process WorkingSet (physical memory assigned to process): 288M, peak: 322M
current process commit charge ("private bytes"): 362M, peak: 414M

vm_info: Java HotSpot(TM) 64-Bit Server VM (21.0.6+8-LTS-188) for windows-amd64 JRE (21.0.6+8-LTS-188), built on 2024-12-03T10:50:54Z by "mach5one" with MS VC++ 17.6 (VS2022)

END.
